<?xml version="1.0" encoding="UTF-8"?>
<!-- Generated by org.testng.reporters.JUnitReportReporter -->
<testsuite skipped="0" hostname="L-156069134" name="Array.singleDimension" tests="1" failures="0" timestamp="14 Jun 2018 03:03:53 GMT" time="12.191" errors="0">
  <testcase name="f" time="12.191" classname="Array.singleDimension"/>
</testsuite> <!-- Array.singleDimension -->
