<?xml version="1.0" encoding="UTF-8"?>
<!-- Generated by org.testng.reporters.JUnitReportReporter -->
<testsuite skipped="0" hostname="L-156069134" name="Array.singleDimensionExcelRead" tests="1" failures="0" timestamp="28 Jun 2018 21:31:56 GMT" time="17.411" errors="0">
  <testcase name="f" time="17.411" classname="Array.singleDimensionExcelRead"/>
</testsuite> <!-- Array.singleDimensionExcelRead -->
