<?xml version="1.0" encoding="UTF-8"?>
<!-- Generated by org.testng.reporters.JUnitReportReporter -->
<testsuite skipped="0" hostname="L-156069134" name="myfirstTestNGpackage.myfirstTesNgfile" tests="1" failures="0" timestamp="08 Jun 2018 19:41:01 GMT" time="8.758" errors="0">
  <testcase name="f" time="8.758" classname="myfirstTestNGpackage.myfirstTesNgfile"/>
</testsuite> <!-- myfirstTestNGpackage.myfirstTesNgfile -->
